[debug] [2023-04-14T14:23:32.875Z] ----------------------------------------------------------------------
[debug] [2023-04-14T14:23:32.882Z] Command:       C:\Apps\Node.JS\node.exe C:\Users\maxan\AppData\Roaming\npm\node_modules\firebase-tools\lib\bin\firebase.js init
[debug] [2023-04-14T14:23:32.884Z] CLI Version:   11.27.0
[debug] [2023-04-14T14:23:32.884Z] Platform:      win32
[debug] [2023-04-14T14:23:32.885Z] Node Version:  v18.13.0
[debug] [2023-04-14T14:23:32.901Z] Time:          Fri Apr 14 2023 17:23:32 GMT+0300 (Eastern European Summer Time)
[debug] [2023-04-14T14:23:32.902Z] ----------------------------------------------------------------------
[debug] 
[debug] [2023-04-14T14:23:32.931Z] > command requires scopes: ["email","openid","https://www.googleapis.com/auth/cloudplatformprojects.readonly","https://www.googleapis.com/auth/firebase","https://www.googleapis.com/auth/cloud-platform"]
[debug] [2023-04-14T14:23:32.933Z] > authorizing via signed-in user (maxand2000@gmail.com)
[info] 
     ######## #### ########  ######## ########     ###     ######  ########
     ##        ##  ##     ## ##       ##     ##  ##   ##  ##       ##
     ######    ##  ########  ######   ########  #########  ######  ######
     ##        ##  ##    ##  ##       ##     ## ##     ##       ## ##
     ##       #### ##     ## ######## ########  ##     ##  ######  ########

You're about to initialize a Firebase project in this directory:

  C:\Users\maxan\Desktop\IT\Challenges\Noname Digital Challenge\noname-digital-crm-app

[info] 
=== Project Setup
[info] 
[info] First, let's associate this project directory with a Firebase project.
[info] You can create multiple project aliases by running firebase use --add, 
[info] but for now we'll just set up a default project.
[info] 
[info] i  If you want to create a project in a Google Cloud organization or folder, please use "firebase projects:create" instead, and return to this command when you've created the project. 
